<?xml version="1.0" encoding="UTF-8"?>
<testsuite xmlns:xsi="http://www.w3.org/2001/XMLSchema-instance" xsi:noNamespaceSchemaLocation="https://maven.apache.org/surefire/maven-surefire-plugin/xsd/surefire-test-report.xsd" name="com.newgenerate.NewgenerateApplicationTests" time="3.734" tests="1" errors="1" skipped="0" failures="0">
  <properties>
    <property name="sun.desktop" value="windows"/>
    <property name="awt.toolkit" value="sun.awt.windows.WToolkit"/>
    <property name="file.encoding.pkg" value="sun.io"/>
    <property name="java.specification.version" value="1.8"/>
    <property name="sun.cpu.isalist" value="amd64"/>
    <property name="sun.jnu.encoding" value="GBK"/>
    <property name="java.class.path" value="D:\IdeaProjects\learn\springBoot\newGenerate\target\test-classes;D:\IdeaProjects\learn\springBoot\newGenerate\target\classes;D:\Program Files\tools\repository\org\springframework\boot\spring-boot-starter\2.6.2\spring-boot-starter-2.6.2.jar;D:\Program Files\tools\repository\org\springframework\boot\spring-boot\2.6.2\spring-boot-2.6.2.jar;D:\Program Files\tools\repository\org\springframework\spring-context\5.3.14\spring-context-5.3.14.jar;D:\Program Files\tools\repository\org\springframework\boot\spring-boot-autoconfigure\2.6.2\spring-boot-autoconfigure-2.6.2.jar;D:\Program Files\tools\repository\org\springframework\boot\spring-boot-starter-logging\2.6.2\spring-boot-starter-logging-2.6.2.jar;D:\Program Files\tools\repository\ch\qos\logback\logback-classic\1.2.9\logback-classic-1.2.9.jar;D:\Program Files\tools\repository\ch\qos\logback\logback-core\1.2.9\logback-core-1.2.9.jar;D:\Program Files\tools\repository\org\apache\logging\log4j\log4j-to-slf4j\2.17.0\log4j-to-slf4j-2.17.0.jar;D:\Program Files\tools\repository\org\apache\logging\log4j\log4j-api\2.17.0\log4j-api-2.17.0.jar;D:\Program Files\tools\repository\org\slf4j\jul-to-slf4j\1.7.32\jul-to-slf4j-1.7.32.jar;D:\Program Files\tools\repository\jakarta\annotation\jakarta.annotation-api\1.3.5\jakarta.annotation-api-1.3.5.jar;D:\Program Files\tools\repository\org\springframework\spring-core\5.3.14\spring-core-5.3.14.jar;D:\Program Files\tools\repository\org\springframework\spring-jcl\5.3.14\spring-jcl-5.3.14.jar;D:\Program Files\tools\repository\org\yaml\snakeyaml\1.29\snakeyaml-1.29.jar;D:\Program Files\tools\repository\org\springframework\boot\spring-boot-starter-test\2.6.2\spring-boot-starter-test-2.6.2.jar;D:\Program Files\tools\repository\org\springframework\boot\spring-boot-test\2.6.2\spring-boot-test-2.6.2.jar;D:\Program Files\tools\repository\org\springframework\boot\spring-boot-test-autoconfigure\2.6.2\spring-boot-test-autoconfigure-2.6.2.jar;D:\Program Files\tools\repository\com\jayway\jsonpath\json-path\2.6.0\json-path-2.6.0.jar;D:\Program Files\tools\repository\net\minidev\json-smart\2.4.7\json-smart-2.4.7.jar;D:\Program Files\tools\repository\net\minidev\accessors-smart\2.4.7\accessors-smart-2.4.7.jar;D:\Program Files\tools\repository\org\ow2\asm\asm\9.1\asm-9.1.jar;D:\Program Files\tools\repository\jakarta\xml\bind\jakarta.xml.bind-api\2.3.3\jakarta.xml.bind-api-2.3.3.jar;D:\Program Files\tools\repository\jakarta\activation\jakarta.activation-api\1.2.2\jakarta.activation-api-1.2.2.jar;D:\Program Files\tools\repository\org\assertj\assertj-core\3.21.0\assertj-core-3.21.0.jar;D:\Program Files\tools\repository\org\hamcrest\hamcrest\2.2\hamcrest-2.2.jar;D:\Program Files\tools\repository\org\junit\jupiter\junit-jupiter\5.8.2\junit-jupiter-5.8.2.jar;D:\Program Files\tools\repository\org\junit\jupiter\junit-jupiter-api\5.8.2\junit-jupiter-api-5.8.2.jar;D:\Program Files\tools\repository\org\opentest4j\opentest4j\1.2.0\opentest4j-1.2.0.jar;D:\Program Files\tools\repository\org\junit\platform\junit-platform-commons\1.8.2\junit-platform-commons-1.8.2.jar;D:\Program Files\tools\repository\org\apiguardian\apiguardian-api\1.1.2\apiguardian-api-1.1.2.jar;D:\Program Files\tools\repository\org\junit\jupiter\junit-jupiter-params\5.8.2\junit-jupiter-params-5.8.2.jar;D:\Program Files\tools\repository\org\junit\jupiter\junit-jupiter-engine\5.8.2\junit-jupiter-engine-5.8.2.jar;D:\Program Files\tools\repository\org\junit\platform\junit-platform-engine\1.8.2\junit-platform-engine-1.8.2.jar;D:\Program Files\tools\repository\org\mockito\mockito-core\4.0.0\mockito-core-4.0.0.jar;D:\Program Files\tools\repository\net\bytebuddy\byte-buddy\1.11.22\byte-buddy-1.11.22.jar;D:\Program Files\tools\repository\net\bytebuddy\byte-buddy-agent\1.11.22\byte-buddy-agent-1.11.22.jar;D:\Program Files\tools\repository\org\objenesis\objenesis\3.2\objenesis-3.2.jar;D:\Program Files\tools\repository\org\mockito\mockito-junit-jupiter\4.0.0\mockito-junit-jupiter-4.0.0.jar;D:\Program Files\tools\repository\org\skyscreamer\jsonassert\1.5.0\jsonassert-1.5.0.jar;D:\Program Files\tools\repository\com\vaadin\external\google\android-json\0.0.20131108.vaadin1\android-json-0.0.20131108.vaadin1.jar;D:\Program Files\tools\repository\org\springframework\spring-test\5.3.14\spring-test-5.3.14.jar;D:\Program Files\tools\repository\org\xmlunit\xmlunit-core\2.8.4\xmlunit-core-2.8.4.jar;D:\Program Files\tools\repository\org\springframework\boot\spring-boot-starter-web\2.6.6\spring-boot-starter-web-2.6.6.jar;D:\Program Files\tools\repository\org\springframework\boot\spring-boot-starter-json\2.6.2\spring-boot-starter-json-2.6.2.jar;D:\Program Files\tools\repository\com\fasterxml\jackson\core\jackson-databind\2.13.1\jackson-databind-2.13.1.jar;D:\Program Files\tools\repository\com\fasterxml\jackson\core\jackson-annotations\2.13.1\jackson-annotations-2.13.1.jar;D:\Program Files\tools\repository\com\fasterxml\jackson\core\jackson-core\2.13.1\jackson-core-2.13.1.jar;D:\Program Files\tools\repository\com\fasterxml\jackson\datatype\jackson-datatype-jdk8\2.13.1\jackson-datatype-jdk8-2.13.1.jar;D:\Program Files\tools\repository\com\fasterxml\jackson\datatype\jackson-datatype-jsr310\2.13.1\jackson-datatype-jsr310-2.13.1.jar;D:\Program Files\tools\repository\com\fasterxml\jackson\module\jackson-module-parameter-names\2.13.1\jackson-module-parameter-names-2.13.1.jar;D:\Program Files\tools\repository\org\springframework\boot\spring-boot-starter-tomcat\2.6.2\spring-boot-starter-tomcat-2.6.2.jar;D:\Program Files\tools\repository\org\apache\tomcat\embed\tomcat-embed-core\9.0.56\tomcat-embed-core-9.0.56.jar;D:\Program Files\tools\repository\org\apache\tomcat\embed\tomcat-embed-el\9.0.56\tomcat-embed-el-9.0.56.jar;D:\Program Files\tools\repository\org\apache\tomcat\embed\tomcat-embed-websocket\9.0.56\tomcat-embed-websocket-9.0.56.jar;D:\Program Files\tools\repository\org\springframework\spring-web\5.3.14\spring-web-5.3.14.jar;D:\Program Files\tools\repository\org\springframework\spring-beans\5.3.14\spring-beans-5.3.14.jar;D:\Program Files\tools\repository\org\springframework\spring-webmvc\5.3.14\spring-webmvc-5.3.14.jar;D:\Program Files\tools\repository\org\springframework\spring-aop\5.3.14\spring-aop-5.3.14.jar;D:\Program Files\tools\repository\org\springframework\spring-expression\5.3.14\spring-expression-5.3.14.jar;D:\Program Files\tools\repository\mysql\mysql-connector-java\8.0.27\mysql-connector-java-8.0.27.jar;D:\Program Files\tools\repository\com\baomidou\mybatis-plus-boot-starter\3.5.1\mybatis-plus-boot-starter-3.5.1.jar;D:\Program Files\tools\repository\com\baomidou\mybatis-plus\3.5.1\mybatis-plus-3.5.1.jar;D:\Program Files\tools\repository\com\baomidou\mybatis-plus-extension\3.5.1\mybatis-plus-extension-3.5.1.jar;D:\Program Files\tools\repository\com\baomidou\mybatis-plus-core\3.5.1\mybatis-plus-core-3.5.1.jar;D:\Program Files\tools\repository\com\baomidou\mybatis-plus-annotation\3.5.1\mybatis-plus-annotation-3.5.1.jar;D:\Program Files\tools\repository\com\github\jsqlparser\jsqlparser\4.3\jsqlparser-4.3.jar;D:\Program Files\tools\repository\org\mybatis\mybatis\3.5.9\mybatis-3.5.9.jar;D:\Program Files\tools\repository\org\mybatis\mybatis-spring\2.0.6\mybatis-spring-2.0.6.jar;D:\Program Files\tools\repository\org\springframework\boot\spring-boot-starter-jdbc\2.6.2\spring-boot-starter-jdbc-2.6.2.jar;D:\Program Files\tools\repository\com\zaxxer\HikariCP\4.0.3\HikariCP-4.0.3.jar;D:\Program Files\tools\repository\org\springframework\spring-jdbc\5.3.14\spring-jdbc-5.3.14.jar;D:\Program Files\tools\repository\org\springframework\spring-tx\5.3.14\spring-tx-5.3.14.jar;D:\Program Files\tools\repository\com\baomidou\mybatis-plus-generator\3.5.1\mybatis-plus-generator-3.5.1.jar;D:\Program Files\tools\repository\org\apache\velocity\velocity-engine-core\2.3\velocity-engine-core-2.3.jar;D:\Program Files\tools\repository\org\apache\commons\commons-lang3\3.12.0\commons-lang3-3.12.0.jar;D:\Program Files\tools\repository\org\slf4j\slf4j-api\1.7.32\slf4j-api-1.7.32.jar;D:\Program Files\tools\repository\org\projectlombok\lombok\1.18.22\lombok-1.18.22.jar;D:\Program Files\tools\repository\com\spring4all\swagger-spring-boot-starter\1.7.1.RELEASE\swagger-spring-boot-starter-1.7.1.RELEASE.jar;D:\Program Files\tools\repository\io\springfox\springfox-swagger-ui\2.9.0\springfox-swagger-ui-2.9.0.jar;D:\Program Files\tools\repository\io\springfox\springfox-spring-web\2.9.0\springfox-spring-web-2.9.0.jar;D:\Program Files\tools\repository\io\springfox\springfox-swagger2\2.9.0\springfox-swagger2-2.9.0.jar;D:\Program Files\tools\repository\io\swagger\swagger-annotations\1.5.18\swagger-annotations-1.5.18.jar;D:\Program Files\tools\repository\io\swagger\swagger-models\1.5.18\swagger-models-1.5.18.jar;D:\Program Files\tools\repository\io\springfox\springfox-spi\2.9.0\springfox-spi-2.9.0.jar;D:\Program Files\tools\repository\io\springfox\springfox-core\2.9.0\springfox-core-2.9.0.jar;D:\Program Files\tools\repository\io\springfox\springfox-schema\2.9.0\springfox-schema-2.9.0.jar;D:\Program Files\tools\repository\io\springfox\springfox-swagger-common\2.9.0\springfox-swagger-common-2.9.0.jar;D:\Program Files\tools\repository\com\google\guava\guava\20.0\guava-20.0.jar;D:\Program Files\tools\repository\com\fasterxml\classmate\1.5.1\classmate-1.5.1.jar;D:\Program Files\tools\repository\org\springframework\plugin\spring-plugin-core\1.2.0.RELEASE\spring-plugin-core-1.2.0.RELEASE.jar;D:\Program Files\tools\repository\org\springframework\plugin\spring-plugin-metadata\1.2.0.RELEASE\spring-plugin-metadata-1.2.0.RELEASE.jar;D:\Program Files\tools\repository\org\mapstruct\mapstruct\1.2.0.Final\mapstruct-1.2.0.Final.jar;D:\Program Files\tools\repository\io\springfox\springfox-bean-validators\2.9.0\springfox-bean-validators-2.9.0.jar;"/>
    <property name="java.vm.vendor" value="Oracle Corporation"/>
    <property name="sun.arch.data.model" value="64"/>
    <property name="user.variant" value=""/>
    <property name="java.vendor.url" value="http://java.oracle.com/"/>
    <property name="user.timezone" value="Asia/Shanghai"/>
    <property name="java.vm.specification.version" value="1.8"/>
    <property name="os.name" value="Windows 10"/>
    <property name="user.country" value="CN"/>
    <property name="sun.java.launcher" value="SUN_STANDARD"/>
    <property name="sun.boot.library.path" value="C:\Program Files\Java\jdk1.8.0_191\jre\bin"/>
    <property name="sun.java.command" value="C:\Users\DM\AppData\Local\Temp\surefire1912840140184441753\surefirebooter6989734394278400402.jar C:\Users\DM\AppData\Local\Temp\surefire1912840140184441753 2022-09-01T22-27-57_740-jvmRun1 surefire9199795483144749612tmp surefire_04527915302062055481tmp"/>
    <property name="surefire.test.class.path" value="D:\IdeaProjects\learn\springBoot\newGenerate\target\test-classes;D:\IdeaProjects\learn\springBoot\newGenerate\target\classes;D:\Program Files\tools\repository\org\springframework\boot\spring-boot-starter\2.6.2\spring-boot-starter-2.6.2.jar;D:\Program Files\tools\repository\org\springframework\boot\spring-boot\2.6.2\spring-boot-2.6.2.jar;D:\Program Files\tools\repository\org\springframework\spring-context\5.3.14\spring-context-5.3.14.jar;D:\Program Files\tools\repository\org\springframework\boot\spring-boot-autoconfigure\2.6.2\spring-boot-autoconfigure-2.6.2.jar;D:\Program Files\tools\repository\org\springframework\boot\spring-boot-starter-logging\2.6.2\spring-boot-starter-logging-2.6.2.jar;D:\Program Files\tools\repository\ch\qos\logback\logback-classic\1.2.9\logback-classic-1.2.9.jar;D:\Program Files\tools\repository\ch\qos\logback\logback-core\1.2.9\logback-core-1.2.9.jar;D:\Program Files\tools\repository\org\apache\logging\log4j\log4j-to-slf4j\2.17.0\log4j-to-slf4j-2.17.0.jar;D:\Program Files\tools\repository\org\apache\logging\log4j\log4j-api\2.17.0\log4j-api-2.17.0.jar;D:\Program Files\tools\repository\org\slf4j\jul-to-slf4j\1.7.32\jul-to-slf4j-1.7.32.jar;D:\Program Files\tools\repository\jakarta\annotation\jakarta.annotation-api\1.3.5\jakarta.annotation-api-1.3.5.jar;D:\Program Files\tools\repository\org\springframework\spring-core\5.3.14\spring-core-5.3.14.jar;D:\Program Files\tools\repository\org\springframework\spring-jcl\5.3.14\spring-jcl-5.3.14.jar;D:\Program Files\tools\repository\org\yaml\snakeyaml\1.29\snakeyaml-1.29.jar;D:\Program Files\tools\repository\org\springframework\boot\spring-boot-starter-test\2.6.2\spring-boot-starter-test-2.6.2.jar;D:\Program Files\tools\repository\org\springframework\boot\spring-boot-test\2.6.2\spring-boot-test-2.6.2.jar;D:\Program Files\tools\repository\org\springframework\boot\spring-boot-test-autoconfigure\2.6.2\spring-boot-test-autoconfigure-2.6.2.jar;D:\Program Files\tools\repository\com\jayway\jsonpath\json-path\2.6.0\json-path-2.6.0.jar;D:\Program Files\tools\repository\net\minidev\json-smart\2.4.7\json-smart-2.4.7.jar;D:\Program Files\tools\repository\net\minidev\accessors-smart\2.4.7\accessors-smart-2.4.7.jar;D:\Program Files\tools\repository\org\ow2\asm\asm\9.1\asm-9.1.jar;D:\Program Files\tools\repository\jakarta\xml\bind\jakarta.xml.bind-api\2.3.3\jakarta.xml.bind-api-2.3.3.jar;D:\Program Files\tools\repository\jakarta\activation\jakarta.activation-api\1.2.2\jakarta.activation-api-1.2.2.jar;D:\Program Files\tools\repository\org\assertj\assertj-core\3.21.0\assertj-core-3.21.0.jar;D:\Program Files\tools\repository\org\hamcrest\hamcrest\2.2\hamcrest-2.2.jar;D:\Program Files\tools\repository\org\junit\jupiter\junit-jupiter\5.8.2\junit-jupiter-5.8.2.jar;D:\Program Files\tools\repository\org\junit\jupiter\junit-jupiter-api\5.8.2\junit-jupiter-api-5.8.2.jar;D:\Program Files\tools\repository\org\opentest4j\opentest4j\1.2.0\opentest4j-1.2.0.jar;D:\Program Files\tools\repository\org\junit\platform\junit-platform-commons\1.8.2\junit-platform-commons-1.8.2.jar;D:\Program Files\tools\repository\org\apiguardian\apiguardian-api\1.1.2\apiguardian-api-1.1.2.jar;D:\Program Files\tools\repository\org\junit\jupiter\junit-jupiter-params\5.8.2\junit-jupiter-params-5.8.2.jar;D:\Program Files\tools\repository\org\junit\jupiter\junit-jupiter-engine\5.8.2\junit-jupiter-engine-5.8.2.jar;D:\Program Files\tools\repository\org\junit\platform\junit-platform-engine\1.8.2\junit-platform-engine-1.8.2.jar;D:\Program Files\tools\repository\org\mockito\mockito-core\4.0.0\mockito-core-4.0.0.jar;D:\Program Files\tools\repository\net\bytebuddy\byte-buddy\1.11.22\byte-buddy-1.11.22.jar;D:\Program Files\tools\repository\net\bytebuddy\byte-buddy-agent\1.11.22\byte-buddy-agent-1.11.22.jar;D:\Program Files\tools\repository\org\objenesis\objenesis\3.2\objenesis-3.2.jar;D:\Program Files\tools\repository\org\mockito\mockito-junit-jupiter\4.0.0\mockito-junit-jupiter-4.0.0.jar;D:\Program Files\tools\repository\org\skyscreamer\jsonassert\1.5.0\jsonassert-1.5.0.jar;D:\Program Files\tools\repository\com\vaadin\external\google\android-json\0.0.20131108.vaadin1\android-json-0.0.20131108.vaadin1.jar;D:\Program Files\tools\repository\org\springframework\spring-test\5.3.14\spring-test-5.3.14.jar;D:\Program Files\tools\repository\org\xmlunit\xmlunit-core\2.8.4\xmlunit-core-2.8.4.jar;D:\Program Files\tools\repository\org\springframework\boot\spring-boot-starter-web\2.6.6\spring-boot-starter-web-2.6.6.jar;D:\Program Files\tools\repository\org\springframework\boot\spring-boot-starter-json\2.6.2\spring-boot-starter-json-2.6.2.jar;D:\Program Files\tools\repository\com\fasterxml\jackson\core\jackson-databind\2.13.1\jackson-databind-2.13.1.jar;D:\Program Files\tools\repository\com\fasterxml\jackson\core\jackson-annotations\2.13.1\jackson-annotations-2.13.1.jar;D:\Program Files\tools\repository\com\fasterxml\jackson\core\jackson-core\2.13.1\jackson-core-2.13.1.jar;D:\Program Files\tools\repository\com\fasterxml\jackson\datatype\jackson-datatype-jdk8\2.13.1\jackson-datatype-jdk8-2.13.1.jar;D:\Program Files\tools\repository\com\fasterxml\jackson\datatype\jackson-datatype-jsr310\2.13.1\jackson-datatype-jsr310-2.13.1.jar;D:\Program Files\tools\repository\com\fasterxml\jackson\module\jackson-module-parameter-names\2.13.1\jackson-module-parameter-names-2.13.1.jar;D:\Program Files\tools\repository\org\springframework\boot\spring-boot-starter-tomcat\2.6.2\spring-boot-starter-tomcat-2.6.2.jar;D:\Program Files\tools\repository\org\apache\tomcat\embed\tomcat-embed-core\9.0.56\tomcat-embed-core-9.0.56.jar;D:\Program Files\tools\repository\org\apache\tomcat\embed\tomcat-embed-el\9.0.56\tomcat-embed-el-9.0.56.jar;D:\Program Files\tools\repository\org\apache\tomcat\embed\tomcat-embed-websocket\9.0.56\tomcat-embed-websocket-9.0.56.jar;D:\Program Files\tools\repository\org\springframework\spring-web\5.3.14\spring-web-5.3.14.jar;D:\Program Files\tools\repository\org\springframework\spring-beans\5.3.14\spring-beans-5.3.14.jar;D:\Program Files\tools\repository\org\springframework\spring-webmvc\5.3.14\spring-webmvc-5.3.14.jar;D:\Program Files\tools\repository\org\springframework\spring-aop\5.3.14\spring-aop-5.3.14.jar;D:\Program Files\tools\repository\org\springframework\spring-expression\5.3.14\spring-expression-5.3.14.jar;D:\Program Files\tools\repository\mysql\mysql-connector-java\8.0.27\mysql-connector-java-8.0.27.jar;D:\Program Files\tools\repository\com\baomidou\mybatis-plus-boot-starter\3.5.1\mybatis-plus-boot-starter-3.5.1.jar;D:\Program Files\tools\repository\com\baomidou\mybatis-plus\3.5.1\mybatis-plus-3.5.1.jar;D:\Program Files\tools\repository\com\baomidou\mybatis-plus-extension\3.5.1\mybatis-plus-extension-3.5.1.jar;D:\Program Files\tools\repository\com\baomidou\mybatis-plus-core\3.5.1\mybatis-plus-core-3.5.1.jar;D:\Program Files\tools\repository\com\baomidou\mybatis-plus-annotation\3.5.1\mybatis-plus-annotation-3.5.1.jar;D:\Program Files\tools\repository\com\github\jsqlparser\jsqlparser\4.3\jsqlparser-4.3.jar;D:\Program Files\tools\repository\org\mybatis\mybatis\3.5.9\mybatis-3.5.9.jar;D:\Program Files\tools\repository\org\mybatis\mybatis-spring\2.0.6\mybatis-spring-2.0.6.jar;D:\Program Files\tools\repository\org\springframework\boot\spring-boot-starter-jdbc\2.6.2\spring-boot-starter-jdbc-2.6.2.jar;D:\Program Files\tools\repository\com\zaxxer\HikariCP\4.0.3\HikariCP-4.0.3.jar;D:\Program Files\tools\repository\org\springframework\spring-jdbc\5.3.14\spring-jdbc-5.3.14.jar;D:\Program Files\tools\repository\org\springframework\spring-tx\5.3.14\spring-tx-5.3.14.jar;D:\Program Files\tools\repository\com\baomidou\mybatis-plus-generator\3.5.1\mybatis-plus-generator-3.5.1.jar;D:\Program Files\tools\repository\org\apache\velocity\velocity-engine-core\2.3\velocity-engine-core-2.3.jar;D:\Program Files\tools\repository\org\apache\commons\commons-lang3\3.12.0\commons-lang3-3.12.0.jar;D:\Program Files\tools\repository\org\slf4j\slf4j-api\1.7.32\slf4j-api-1.7.32.jar;D:\Program Files\tools\repository\org\projectlombok\lombok\1.18.22\lombok-1.18.22.jar;D:\Program Files\tools\repository\com\spring4all\swagger-spring-boot-starter\1.7.1.RELEASE\swagger-spring-boot-starter-1.7.1.RELEASE.jar;D:\Program Files\tools\repository\io\springfox\springfox-swagger-ui\2.9.0\springfox-swagger-ui-2.9.0.jar;D:\Program Files\tools\repository\io\springfox\springfox-spring-web\2.9.0\springfox-spring-web-2.9.0.jar;D:\Program Files\tools\repository\io\springfox\springfox-swagger2\2.9.0\springfox-swagger2-2.9.0.jar;D:\Program Files\tools\repository\io\swagger\swagger-annotations\1.5.18\swagger-annotations-1.5.18.jar;D:\Program Files\tools\repository\io\swagger\swagger-models\1.5.18\swagger-models-1.5.18.jar;D:\Program Files\tools\repository\io\springfox\springfox-spi\2.9.0\springfox-spi-2.9.0.jar;D:\Program Files\tools\repository\io\springfox\springfox-core\2.9.0\springfox-core-2.9.0.jar;D:\Program Files\tools\repository\io\springfox\springfox-schema\2.9.0\springfox-schema-2.9.0.jar;D:\Program Files\tools\repository\io\springfox\springfox-swagger-common\2.9.0\springfox-swagger-common-2.9.0.jar;D:\Program Files\tools\repository\com\google\guava\guava\20.0\guava-20.0.jar;D:\Program Files\tools\repository\com\fasterxml\classmate\1.5.1\classmate-1.5.1.jar;D:\Program Files\tools\repository\org\springframework\plugin\spring-plugin-core\1.2.0.RELEASE\spring-plugin-core-1.2.0.RELEASE.jar;D:\Program Files\tools\repository\org\springframework\plugin\spring-plugin-metadata\1.2.0.RELEASE\spring-plugin-metadata-1.2.0.RELEASE.jar;D:\Program Files\tools\repository\org\mapstruct\mapstruct\1.2.0.Final\mapstruct-1.2.0.Final.jar;D:\Program Files\tools\repository\io\springfox\springfox-bean-validators\2.9.0\springfox-bean-validators-2.9.0.jar;"/>
    <property name="sun.cpu.endian" value="little"/>
    <property name="user.home" value="C:\Users\DM"/>
    <property name="user.language" value="zh"/>
    <property name="java.specification.vendor" value="Oracle Corporation"/>
    <property name="java.home" value="C:\Program Files\Java\jdk1.8.0_191\jre"/>
    <property name="basedir" value="D:\IdeaProjects\learn\springBoot\newGenerate"/>
    <property name="file.separator" value="\"/>
    <property name="line.separator" value="&#10;"/>
    <property name="java.vm.specification.vendor" value="Oracle Corporation"/>
    <property name="java.specification.name" value="Java Platform API Specification"/>
    <property name="java.awt.graphicsenv" value="sun.awt.Win32GraphicsEnvironment"/>
    <property name="surefire.real.class.path" value="C:\Users\DM\AppData\Local\Temp\surefire1912840140184441753\surefirebooter6989734394278400402.jar"/>
    <property name="sun.boot.class.path" value="C:\Program Files\Java\jdk1.8.0_191\jre\lib\resources.jar;C:\Program Files\Java\jdk1.8.0_191\jre\lib\rt.jar;C:\Program Files\Java\jdk1.8.0_191\jre\lib\sunrsasign.jar;C:\Program Files\Java\jdk1.8.0_191\jre\lib\jsse.jar;C:\Program Files\Java\jdk1.8.0_191\jre\lib\jce.jar;C:\Program Files\Java\jdk1.8.0_191\jre\lib\charsets.jar;C:\Program Files\Java\jdk1.8.0_191\jre\lib\jfr.jar;C:\Program Files\Java\jdk1.8.0_191\jre\classes"/>
    <property name="user.script" value=""/>
    <property name="sun.management.compiler" value="HotSpot 64-Bit Tiered Compilers"/>
    <property name="java.runtime.version" value="1.8.0_191-b12"/>
    <property name="user.name" value="admin"/>
    <property name="path.separator" value=";"/>
    <property name="os.version" value="10.0"/>
    <property name="java.endorsed.dirs" value="C:\Program Files\Java\jdk1.8.0_191\jre\lib\endorsed"/>
    <property name="java.runtime.name" value="Java(TM) SE Runtime Environment"/>
    <property name="file.encoding" value="GBK"/>
    <property name="java.vm.name" value="Java HotSpot(TM) 64-Bit Server VM"/>
    <property name="localRepository" value="D:\Program Files\tools\repository"/>
    <property name="java.vendor.url.bug" value="http://bugreport.sun.com/bugreport/"/>
    <property name="java.io.tmpdir" value="C:\Users\DM\AppData\Local\Temp\"/>
    <property name="idea.version" value="2021.1"/>
    <property name="java.version" value="1.8.0_191"/>
    <property name="user.dir" value="D:\IdeaProjects\learn\springBoot\newGenerate"/>
    <property name="os.arch" value="amd64"/>
    <property name="java.vm.specification.name" value="Java Virtual Machine Specification"/>
    <property name="java.awt.printerjob" value="sun.awt.windows.WPrinterJob"/>
    <property name="sun.os.patch.level" value=""/>
    <property name="java.library.path" value="C:\Program Files\Java\jdk1.8.0_191\jre\bin;C:\WINDOWS\Sun\Java\bin;C:\WINDOWS\system32;C:\WINDOWS;C:\Program Files (x86)\NVIDIA Corporation\PhysX\Common;C:\Program Files (x86)\Common Files\Oracle\Java\javapath;C:\WINDOWS\system32;C:\WINDOWS;C:\WINDOWS\System32\Wbem;C:\WINDOWS\System32\WindowsPowerShell\v1.0\;C:\WINDOWS\System32\OpenSSH\;C:\Program Files\Java\jdk1.8.0_191\bin;C:\Program Files\Java\jdk1.8.0_191\jre\bin;C:\Users\DM\AppData\Local\Programs\Python\Python37;D:\Program Files\nodejs\;D:\Develop\nodejs\node_global\node_modules;D:\Develop\nodejs\node_global;D:\Program Files\apache-maven-3.3.9\bin;D:\Git\cmd;D:\Program Files\TortoiseSVN\bin;C:\Program Files (x86)\Microsoft SQL Server\150\DTS\Binn\;C:\Users\DM\AppData\Local\Microsoft\WindowsApps;C:\Program Files\Bandizip\;C:\Users\DM\AppData\Local\Programs\Microsoft VS Code\bin;C:\Users\DM\AppData\Roaming\npm;D:\Program Files\mingw64\bin;D:\Program Files\Microsoft VS Code\bin;;."/>
    <property name="java.vm.info" value="mixed mode"/>
    <property name="java.vendor" value="Oracle Corporation"/>
    <property name="java.vm.version" value="25.191-b12"/>
    <property name="java.ext.dirs" value="C:\Program Files\Java\jdk1.8.0_191\jre\lib\ext;C:\WINDOWS\Sun\Java\lib\ext"/>
    <property name="sun.io.unicode.encoding" value="UnicodeLittle"/>
    <property name="java.class.version" value="52.0"/>
  </properties>
  <testcase name="contextLoads" classname="com.newgenerate.NewgenerateApplicationTests" time="0.009">
    <error message="Failed to load ApplicationContext" type="java.lang.IllegalStateException">java.lang.IllegalStateException: Failed to load ApplicationContext
Caused by: org.springframework.context.ApplicationContextException: Failed to start bean 'documentationPluginsBootstrapper'; nested exception is com.google.common.util.concurrent.ExecutionError: com.google.common.util.concurrent.ExecutionError: java.lang.NoClassDefFoundError: javax/validation/constraints/Min
Caused by: com.google.common.util.concurrent.ExecutionError: com.google.common.util.concurrent.ExecutionError: java.lang.NoClassDefFoundError: javax/validation/constraints/Min
Caused by: com.google.common.util.concurrent.ExecutionError: java.lang.NoClassDefFoundError: javax/validation/constraints/Min
Caused by: java.lang.NoClassDefFoundError: javax/validation/constraints/Min
Caused by: java.lang.ClassNotFoundException: javax.validation.constraints.Min
</error>
    <system-out><![CDATA[22:27:59.087 [main] DEBUG org.springframework.test.context.BootstrapUtils - Instantiating CacheAwareContextLoaderDelegate from class [org.springframework.test.context.cache.DefaultCacheAwareContextLoaderDelegate]
22:27:59.097 [main] DEBUG org.springframework.test.context.BootstrapUtils - Instantiating BootstrapContext using constructor [public org.springframework.test.context.support.DefaultBootstrapContext(java.lang.Class,org.springframework.test.context.CacheAwareContextLoaderDelegate)]
22:27:59.129 [main] DEBUG org.springframework.test.context.BootstrapUtils - Instantiating TestContextBootstrapper for test class [com.newgenerate.NewgenerateApplicationTests] from class [org.springframework.boot.test.context.SpringBootTestContextBootstrapper]
22:27:59.143 [main] INFO org.springframework.boot.test.context.SpringBootTestContextBootstrapper - Neither @ContextConfiguration nor @ContextHierarchy found for test class [com.newgenerate.NewgenerateApplicationTests], using SpringBootContextLoader
22:27:59.147 [main] DEBUG org.springframework.test.context.support.AbstractContextLoader - Did not detect default resource location for test class [com.newgenerate.NewgenerateApplicationTests]: class path resource [com/newgenerate/NewgenerateApplicationTests-context.xml] does not exist
22:27:59.147 [main] DEBUG org.springframework.test.context.support.AbstractContextLoader - Did not detect default resource location for test class [com.newgenerate.NewgenerateApplicationTests]: class path resource [com/newgenerate/NewgenerateApplicationTestsContext.groovy] does not exist
22:27:59.147 [main] INFO org.springframework.test.context.support.AbstractContextLoader - Could not detect default resource locations for test class [com.newgenerate.NewgenerateApplicationTests]: no resource found for suffixes {-context.xml, Context.groovy}.
22:27:59.148 [main] INFO org.springframework.test.context.support.AnnotationConfigContextLoaderUtils - Could not detect default configuration classes for test class [com.newgenerate.NewgenerateApplicationTests]: NewgenerateApplicationTests does not declare any static, non-private, non-final, nested classes annotated with @Configuration.
22:27:59.189 [main] DEBUG org.springframework.test.context.support.ActiveProfilesUtils - Could not find an 'annotation declaring class' for annotation type [org.springframework.test.context.ActiveProfiles] and class [com.newgenerate.NewgenerateApplicationTests]
22:27:59.243 [main] DEBUG org.springframework.context.annotation.ClassPathScanningCandidateComponentProvider - Identified candidate component class: file [D:\IdeaProjects\learn\springBoot\newGenerate\target\classes\com\newgenerate\NewgenerateApplication.class]
22:27:59.245 [main] INFO org.springframework.boot.test.context.SpringBootTestContextBootstrapper - Found @SpringBootConfiguration com.newgenerate.NewgenerateApplication for test class com.newgenerate.NewgenerateApplicationTests
22:27:59.322 [main] DEBUG org.springframework.boot.test.context.SpringBootTestContextBootstrapper - @TestExecutionListeners is not present for class [com.newgenerate.NewgenerateApplicationTests]: using defaults.
22:27:59.323 [main] INFO org.springframework.boot.test.context.SpringBootTestContextBootstrapper - Loaded default TestExecutionListener class names from location [META-INF/spring.factories]: [org.springframework.boot.test.mock.mockito.MockitoTestExecutionListener, org.springframework.boot.test.mock.mockito.ResetMocksTestExecutionListener, org.springframework.boot.test.autoconfigure.restdocs.RestDocsTestExecutionListener, org.springframework.boot.test.autoconfigure.web.client.MockRestServiceServerResetTestExecutionListener, org.springframework.boot.test.autoconfigure.web.servlet.MockMvcPrintOnlyOnFailureTestExecutionListener, org.springframework.boot.test.autoconfigure.web.servlet.WebDriverTestExecutionListener, org.springframework.boot.test.autoconfigure.webservices.client.MockWebServiceServerTestExecutionListener, org.springframework.test.context.web.ServletTestExecutionListener, org.springframework.test.context.support.DirtiesContextBeforeModesTestExecutionListener, org.springframework.test.context.event.ApplicationEventsTestExecutionListener, org.springframework.test.context.support.DependencyInjectionTestExecutionListener, org.springframework.test.context.support.DirtiesContextTestExecutionListener, org.springframework.test.context.transaction.TransactionalTestExecutionListener, org.springframework.test.context.jdbc.SqlScriptsTestExecutionListener, org.springframework.test.context.event.EventPublishingTestExecutionListener]
22:27:59.337 [main] INFO org.springframework.boot.test.context.SpringBootTestContextBootstrapper - Using TestExecutionListeners: [org.springframework.test.context.web.ServletTestExecutionListener@6e9a5ed8, org.springframework.test.context.support.DirtiesContextBeforeModesTestExecutionListener@7e057f43, org.springframework.test.context.event.ApplicationEventsTestExecutionListener@6c284af, org.springframework.boot.test.mock.mockito.MockitoTestExecutionListener@5890e879, org.springframework.boot.test.autoconfigure.SpringBootDependencyInjectionTestExecutionListener@6440112d, org.springframework.test.context.support.DirtiesContextTestExecutionListener@31ea9581, org.springframework.test.context.transaction.TransactionalTestExecutionListener@231f98ef, org.springframework.test.context.jdbc.SqlScriptsTestExecutionListener@7c137fd5, org.springframework.test.context.event.EventPublishingTestExecutionListener@183ec003, org.springframework.boot.test.mock.mockito.ResetMocksTestExecutionListener@7d9d0818, org.springframework.boot.test.autoconfigure.restdocs.RestDocsTestExecutionListener@221a3fa4, org.springframework.boot.test.autoconfigure.web.client.MockRestServiceServerResetTestExecutionListener@451001e5, org.springframework.boot.test.autoconfigure.web.servlet.MockMvcPrintOnlyOnFailureTestExecutionListener@2b40ff9c, org.springframework.boot.test.autoconfigure.web.servlet.WebDriverTestExecutionListener@3e08ff24, org.springframework.boot.test.autoconfigure.webservices.client.MockWebServiceServerTestExecutionListener@4d1c005e]
22:27:59.340 [main] DEBUG org.springframework.test.context.support.AbstractDirtiesContextTestExecutionListener - Before test class: context [DefaultTestContext@359df09a testClass = NewgenerateApplicationTests, testInstance = [null], testMethod = [null], testException = [null], mergedContextConfiguration = [WebMergedContextConfiguration@43df23d3 testClass = NewgenerateApplicationTests, locations = '{}', classes = '{class com.newgenerate.NewgenerateApplication}', contextInitializerClasses = '[]', activeProfiles = '{}', propertySourceLocations = '{}', propertySourceProperties = '{org.springframework.boot.test.context.SpringBootTestContextBootstrapper=true}', contextCustomizers = set[org.springframework.boot.test.context.filter.ExcludeFilterContextCustomizer@359f7cdf, org.springframework.boot.test.json.DuplicateJsonObjectContextCustomizerFactory$DuplicateJsonObjectContextCustomizer@4466af20, org.springframework.boot.test.mock.mockito.MockitoContextCustomizer@0, org.springframework.boot.test.web.client.TestRestTemplateContextCustomizer@5c5eefef, org.springframework.boot.test.autoconfigure.actuate.metrics.MetricsExportContextCustomizerFactory$DisableMetricExportContextCustomizer@38c6f217, org.springframework.boot.test.autoconfigure.properties.PropertyMappingContextCustomizer@0, org.springframework.boot.test.autoconfigure.web.servlet.WebDriverContextCustomizerFactory$Customizer@4ec4f3a0, org.springframework.boot.test.context.SpringBootTestArgs@1, org.springframework.boot.test.context.SpringBootTestWebEnvironment@224edc67], resourceBasePath = 'src/main/webapp', contextLoader = 'org.springframework.boot.test.context.SpringBootContextLoader', parent = [null]], attributes = map['org.springframework.test.context.web.ServletTestExecutionListener.activateListener' -> true]], class annotated with @DirtiesContext [false] with mode [null].
22:27:59.381 [main] DEBUG org.springframework.boot.ApplicationServletEnvironment - Activating profiles []
22:27:59.382 [main] DEBUG org.springframework.test.context.support.TestPropertySourceUtils - Adding inlined properties to environment: {spring.jmx.enabled=false, org.springframework.boot.test.context.SpringBootTestContextBootstrapper=true}

  .   ____          _            __ _ _
 /\\ / ___'_ __ _ _(_)_ __  __ _ \ \ \ \
( ( )\___ | '_ | '_| | '_ \/ _` | \ \ \ \
 \\/  ___)| |_)| | | | | || (_| |  ) ) ) )
  '  |____| .__|_| |_|_| |_\__, | / / / /
 =========|_|==============|___/=/_/_/_/
 :: Spring Boot ::                (v2.6.2)

2022-09-01 22:27:59.608  INFO 10208 --- [           main] c.n.NewgenerateApplicationTests          : Starting NewgenerateApplicationTests using Java 1.8.0_191 on DESKTOP-PT7UIMO with PID 10208 (started by admin in D:\IdeaProjects\learn\springBoot\newGenerate)
2022-09-01 22:27:59.609  INFO 10208 --- [           main] c.n.NewgenerateApplicationTests          : No active profile set, falling back to default profiles: default
Logging initialized using 'class org.apache.ibatis.logging.stdout.StdOutImpl' adapter.
Property 'mapperLocations' was not specified.
 _ _   |_  _ _|_. ___ _ |    _ 
| | |\/|_)(_| | |_\  |_)||_|_\ 
     /               |         
                        3.5.1 
2022-09-01 22:28:02.085  INFO 10208 --- [           main] pertySourcedRequestMappingHandlerMapping : Mapped URL path [/v2/api-docs] onto method [springfox.documentation.swagger2.web.Swagger2Controller#getDocumentation(String, HttpServletRequest)]
2022-09-01 22:28:02.569  INFO 10208 --- [           main] d.s.w.p.DocumentationPluginsBootstrapper : Context refreshed
2022-09-01 22:28:02.588  INFO 10208 --- [           main] d.s.w.p.DocumentationPluginsBootstrapper : Found 1 custom documentation plugin(s)
2022-09-01 22:28:02.614  INFO 10208 --- [           main] s.d.s.w.s.ApiListingReferenceScanner     : Scanning for api listing references
2022-09-01 22:28:02.706  WARN 10208 --- [           main] o.s.w.c.s.GenericWebApplicationContext   : Exception encountered during context initialization - cancelling refresh attempt: org.springframework.context.ApplicationContextException: Failed to start bean 'documentationPluginsBootstrapper'; nested exception is com.google.common.util.concurrent.ExecutionError: com.google.common.util.concurrent.ExecutionError: java.lang.NoClassDefFoundError: javax/validation/constraints/Min
2022-09-01 22:28:02.716  INFO 10208 --- [           main] ConditionEvaluationReportLoggingListener : 

Error starting ApplicationContext. To display the conditions report re-run your application with 'debug' enabled.
2022-09-01 22:28:02.735 ERROR 10208 --- [           main] o.s.boot.SpringApplication               : Application run failed

org.springframework.context.ApplicationContextException: Failed to start bean 'documentationPluginsBootstrapper'; nested exception is com.google.common.util.concurrent.ExecutionError: com.google.common.util.concurrent.ExecutionError: java.lang.NoClassDefFoundError: javax/validation/constraints/Min
	at org.springframework.context.support.DefaultLifecycleProcessor.doStart(DefaultLifecycleProcessor.java:181) ~[spring-context-5.3.14.jar:5.3.14]
	at org.springframework.context.support.DefaultLifecycleProcessor.access$200(DefaultLifecycleProcessor.java:54) ~[spring-context-5.3.14.jar:5.3.14]
	at org.springframework.context.support.DefaultLifecycleProcessor$LifecycleGroup.start(DefaultLifecycleProcessor.java:356) ~[spring-context-5.3.14.jar:5.3.14]
	at java.lang.Iterable.forEach(Iterable.java:75) ~[na:1.8.0_191]
	at org.springframework.context.support.DefaultLifecycleProcessor.startBeans(DefaultLifecycleProcessor.java:155) ~[spring-context-5.3.14.jar:5.3.14]
	at org.springframework.context.support.DefaultLifecycleProcessor.onRefresh(DefaultLifecycleProcessor.java:123) ~[spring-context-5.3.14.jar:5.3.14]
	at org.springframework.context.support.AbstractApplicationContext.finishRefresh(AbstractApplicationContext.java:935) ~[spring-context-5.3.14.jar:5.3.14]
	at org.springframework.context.support.AbstractApplicationContext.refresh(AbstractApplicationContext.java:586) ~[spring-context-5.3.14.jar:5.3.14]
	at org.springframework.boot.SpringApplication.refresh(SpringApplication.java:730) ~[spring-boot-2.6.2.jar:2.6.2]
	at org.springframework.boot.SpringApplication.refreshContext(SpringApplication.java:412) ~[spring-boot-2.6.2.jar:2.6.2]
	at org.springframework.boot.SpringApplication.run(SpringApplication.java:302) ~[spring-boot-2.6.2.jar:2.6.2]
	at org.springframework.boot.test.context.SpringBootContextLoader.loadContext(SpringBootContextLoader.java:121) [spring-boot-test-2.6.2.jar:2.6.2]
	at org.springframework.test.context.cache.DefaultCacheAwareContextLoaderDelegate.loadContextInternal(DefaultCacheAwareContextLoaderDelegate.java:99) [spring-test-5.3.14.jar:5.3.14]
	at org.springframework.test.context.cache.DefaultCacheAwareContextLoaderDelegate.loadContext(DefaultCacheAwareContextLoaderDelegate.java:124) [spring-test-5.3.14.jar:5.3.14]
	at org.springframework.test.context.support.DefaultTestContext.getApplicationContext(DefaultTestContext.java:124) [spring-test-5.3.14.jar:5.3.14]
	at org.springframework.test.context.web.ServletTestExecutionListener.setUpRequestContextIfNecessary(ServletTestExecutionListener.java:190) [spring-test-5.3.14.jar:5.3.14]
	at org.springframework.test.context.web.ServletTestExecutionListener.prepareTestInstance(ServletTestExecutionListener.java:132) [spring-test-5.3.14.jar:5.3.14]
	at org.springframework.test.context.TestContextManager.prepareTestInstance(TestContextManager.java:248) [spring-test-5.3.14.jar:5.3.14]
	at org.springframework.test.context.junit.jupiter.SpringExtension.postProcessTestInstance(SpringExtension.java:138) [spring-test-5.3.14.jar:5.3.14]
	at org.junit.jupiter.engine.descriptor.ClassBasedTestDescriptor.lambda$invokeTestInstancePostProcessors$8(ClassBasedTestDescriptor.java:363) [junit-jupiter-engine-5.8.2.jar:5.8.2]
	at org.junit.jupiter.engine.descriptor.ClassBasedTestDescriptor.executeAndMaskThrowable(ClassBasedTestDescriptor.java:368) [junit-jupiter-engine-5.8.2.jar:5.8.2]
	at org.junit.jupiter.engine.descriptor.ClassBasedTestDescriptor.lambda$invokeTestInstancePostProcessors$9(ClassBasedTestDescriptor.java:363) [junit-jupiter-engine-5.8.2.jar:5.8.2]
	at java.util.stream.ReferencePipeline$3$1.accept(ReferencePipeline.java:193) ~[na:1.8.0_191]
	at java.util.stream.ReferencePipeline$2$1.accept(ReferencePipeline.java:175) ~[na:1.8.0_191]
	at java.util.ArrayList$ArrayListSpliterator.forEachRemaining(ArrayList.java:1382) ~[na:1.8.0_191]
	at java.util.stream.AbstractPipeline.copyInto(AbstractPipeline.java:481) ~[na:1.8.0_191]
	at java.util.stream.AbstractPipeline.wrapAndCopyInto(AbstractPipeline.java:471) ~[na:1.8.0_191]
	at java.util.stream.StreamSpliterators$WrappingSpliterator.forEachRemaining(StreamSpliterators.java:312) ~[na:1.8.0_191]
	at java.util.stream.Streams$ConcatSpliterator.forEachRemaining(Streams.java:743) ~[na:1.8.0_191]
	at java.util.stream.Streams$ConcatSpliterator.forEachRemaining(Streams.java:742) ~[na:1.8.0_191]
	at java.util.stream.ReferencePipeline$Head.forEach(ReferencePipeline.java:580) ~[na:1.8.0_191]
	at org.junit.jupiter.engine.descriptor.ClassBasedTestDescriptor.invokeTestInstancePostProcessors(ClassBasedTestDescriptor.java:362) [junit-jupiter-engine-5.8.2.jar:5.8.2]
	at org.junit.jupiter.engine.descriptor.ClassBasedTestDescriptor.lambda$instantiateAndPostProcessTestInstance$6(ClassBasedTestDescriptor.java:283) [junit-jupiter-engine-5.8.2.jar:5.8.2]
	at org.junit.platform.engine.support.hierarchical.ThrowableCollector.execute(ThrowableCollector.java:73) ~[junit-platform-engine-1.8.2.jar:1.8.2]
	at org.junit.jupiter.engine.descriptor.ClassBasedTestDescriptor.instantiateAndPostProcessTestInstance(ClassBasedTestDescriptor.java:282) [junit-jupiter-engine-5.8.2.jar:5.8.2]
	at org.junit.jupiter.engine.descriptor.ClassBasedTestDescriptor.lambda$testInstancesProvider$4(ClassBasedTestDescriptor.java:272) [junit-jupiter-engine-5.8.2.jar:5.8.2]
	at java.util.Optional.orElseGet(Optional.java:267) ~[na:1.8.0_191]
	at org.junit.jupiter.engine.descriptor.ClassBasedTestDescriptor.lambda$testInstancesProvider$5(ClassBasedTestDescriptor.java:271) [junit-jupiter-engine-5.8.2.jar:5.8.2]
	at org.junit.jupiter.engine.execution.TestInstancesProvider.getTestInstances(TestInstancesProvider.java:31) ~[junit-jupiter-engine-5.8.2.jar:5.8.2]
	at org.junit.jupiter.engine.descriptor.TestMethodTestDescriptor.lambda$prepare$0(TestMethodTestDescriptor.java:102) ~[junit-jupiter-engine-5.8.2.jar:5.8.2]
	at org.junit.platform.engine.support.hierarchical.ThrowableCollector.execute(ThrowableCollector.java:73) ~[junit-platform-engine-1.8.2.jar:1.8.2]
	at org.junit.jupiter.engine.descriptor.TestMethodTestDescriptor.prepare(TestMethodTestDescriptor.java:101) ~[junit-jupiter-engine-5.8.2.jar:5.8.2]
	at org.junit.jupiter.engine.descriptor.TestMethodTestDescriptor.prepare(TestMethodTestDescriptor.java:66) ~[junit-jupiter-engine-5.8.2.jar:5.8.2]
	at org.junit.platform.engine.support.hierarchical.NodeTestTask.lambda$prepare$2(NodeTestTask.java:123) ~[junit-platform-engine-1.8.2.jar:1.8.2]
	at org.junit.platform.engine.support.hierarchical.ThrowableCollector.execute(ThrowableCollector.java:73) ~[junit-platform-engine-1.8.2.jar:1.8.2]
	at org.junit.platform.engine.support.hierarchical.NodeTestTask.prepare(NodeTestTask.java:123) ~[junit-platform-engine-1.8.2.jar:1.8.2]
	at org.junit.platform.engine.support.hierarchical.NodeTestTask.execute(NodeTestTask.java:90) ~[junit-platform-engine-1.8.2.jar:1.8.2]
	at java.util.ArrayList.forEach(ArrayList.java:1257) ~[na:1.8.0_191]
	at org.junit.platform.engine.support.hierarchical.SameThreadHierarchicalTestExecutorService.invokeAll(SameThreadHierarchicalTestExecutorService.java:41) ~[junit-platform-engine-1.8.2.jar:1.8.2]
	at org.junit.platform.engine.support.hierarchical.NodeTestTask.lambda$executeRecursively$6(NodeTestTask.java:155) ~[junit-platform-engine-1.8.2.jar:1.8.2]
	at org.junit.platform.engine.support.hierarchical.ThrowableCollector.execute(ThrowableCollector.java:73) ~[junit-platform-engine-1.8.2.jar:1.8.2]
	at org.junit.platform.engine.support.hierarchical.NodeTestTask.lambda$executeRecursively$8(NodeTestTask.java:141) ~[junit-platform-engine-1.8.2.jar:1.8.2]
	at org.junit.platform.engine.support.hierarchical.Node.around(Node.java:137) ~[junit-platform-engine-1.8.2.jar:1.8.2]
	at org.junit.platform.engine.support.hierarchical.NodeTestTask.lambda$executeRecursively$9(NodeTestTask.java:139) ~[junit-platform-engine-1.8.2.jar:1.8.2]
	at org.junit.platform.engine.support.hierarchical.ThrowableCollector.execute(ThrowableCollector.java:73) ~[junit-platform-engine-1.8.2.jar:1.8.2]
	at org.junit.platform.engine.support.hierarchical.NodeTestTask.executeRecursively(NodeTestTask.java:138) ~[junit-platform-engine-1.8.2.jar:1.8.2]
	at org.junit.platform.engine.support.hierarchical.NodeTestTask.execute(NodeTestTask.java:95) ~[junit-platform-engine-1.8.2.jar:1.8.2]
	at java.util.ArrayList.forEach(ArrayList.java:1257) ~[na:1.8.0_191]
	at org.junit.platform.engine.support.hierarchical.SameThreadHierarchicalTestExecutorService.invokeAll(SameThreadHierarchicalTestExecutorService.java:41) ~[junit-platform-engine-1.8.2.jar:1.8.2]
	at org.junit.platform.engine.support.hierarchical.NodeTestTask.lambda$executeRecursively$6(NodeTestTask.java:155) ~[junit-platform-engine-1.8.2.jar:1.8.2]
	at org.junit.platform.engine.support.hierarchical.ThrowableCollector.execute(ThrowableCollector.java:73) ~[junit-platform-engine-1.8.2.jar:1.8.2]
	at org.junit.platform.engine.support.hierarchical.NodeTestTask.lambda$executeRecursively$8(NodeTestTask.java:141) ~[junit-platform-engine-1.8.2.jar:1.8.2]
	at org.junit.platform.engine.support.hierarchical.Node.around(Node.java:137) ~[junit-platform-engine-1.8.2.jar:1.8.2]
	at org.junit.platform.engine.support.hierarchical.NodeTestTask.lambda$executeRecursively$9(NodeTestTask.java:139) ~[junit-platform-engine-1.8.2.jar:1.8.2]
	at org.junit.platform.engine.support.hierarchical.ThrowableCollector.execute(ThrowableCollector.java:73) ~[junit-platform-engine-1.8.2.jar:1.8.2]
	at org.junit.platform.engine.support.hierarchical.NodeTestTask.executeRecursively(NodeTestTask.java:138) ~[junit-platform-engine-1.8.2.jar:1.8.2]
	at org.junit.platform.engine.support.hierarchical.NodeTestTask.execute(NodeTestTask.java:95) ~[junit-platform-engine-1.8.2.jar:1.8.2]
	at org.junit.platform.engine.support.hierarchical.SameThreadHierarchicalTestExecutorService.submit(SameThreadHierarchicalTestExecutorService.java:35) ~[junit-platform-engine-1.8.2.jar:1.8.2]
	at org.junit.platform.engine.support.hierarchical.HierarchicalTestExecutor.execute(HierarchicalTestExecutor.java:57) ~[junit-platform-engine-1.8.2.jar:1.8.2]
	at org.junit.platform.engine.support.hierarchical.HierarchicalTestEngine.execute(HierarchicalTestEngine.java:54) ~[junit-platform-engine-1.8.2.jar:1.8.2]
	at org.junit.platform.launcher.core.DefaultLauncher.execute(DefaultLauncher.java:220) ~[junit-platform-launcher-1.3.1.jar:1.3.1]
	at org.junit.platform.launcher.core.DefaultLauncher.lambda$execute$6(DefaultLauncher.java:188) ~[junit-platform-launcher-1.3.1.jar:1.3.1]
	at org.junit.platform.launcher.core.DefaultLauncher.withInterceptedStreams(DefaultLauncher.java:202) ~[junit-platform-launcher-1.3.1.jar:1.3.1]
	at org.junit.platform.launcher.core.DefaultLauncher.execute(DefaultLauncher.java:181) ~[junit-platform-launcher-1.3.1.jar:1.3.1]
	at org.junit.platform.launcher.core.DefaultLauncher.execute(DefaultLauncher.java:128) ~[junit-platform-launcher-1.3.1.jar:1.3.1]
	at org.apache.maven.surefire.junitplatform.JUnitPlatformProvider.invokeAllTests(JUnitPlatformProvider.java:150) ~[surefire-junit-platform-2.22.2.jar:2.22.2]
	at org.apache.maven.surefire.junitplatform.JUnitPlatformProvider.invoke(JUnitPlatformProvider.java:124) ~[surefire-junit-platform-2.22.2.jar:2.22.2]
	at org.apache.maven.surefire.booter.ForkedBooter.invokeProviderInSameClassLoader(ForkedBooter.java:384) ~[surefire-booter-2.22.2.jar:2.22.2]
	at org.apache.maven.surefire.booter.ForkedBooter.runSuitesInProcess(ForkedBooter.java:345) ~[surefire-booter-2.22.2.jar:2.22.2]
	at org.apache.maven.surefire.booter.ForkedBooter.execute(ForkedBooter.java:126) ~[surefire-booter-2.22.2.jar:2.22.2]
	at org.apache.maven.surefire.booter.ForkedBooter.main(ForkedBooter.java:418) ~[surefire-booter-2.22.2.jar:2.22.2]
Caused by: com.google.common.util.concurrent.ExecutionError: com.google.common.util.concurrent.ExecutionError: java.lang.NoClassDefFoundError: javax/validation/constraints/Min
	at com.google.common.cache.LocalCache$Segment.get(LocalCache.java:2212) ~[guava-20.0.jar:na]
	at com.google.common.cache.LocalCache.get(LocalCache.java:4053) ~[guava-20.0.jar:na]
	at com.google.common.cache.LocalCache.getOrLoad(LocalCache.java:4057) ~[guava-20.0.jar:na]
	at com.google.common.cache.LocalCache$LocalLoadingCache.get(LocalCache.java:4986) ~[guava-20.0.jar:na]
	at springfox.documentation.schema.CachingModelProvider.modelFor(CachingModelProvider.java:59) ~[springfox-schema-2.9.0.jar:2.9.0]
	at springfox.documentation.spring.web.scanners.ApiModelReader.read(ApiModelReader.java:69) ~[springfox-spring-web-2.9.0.jar:2.9.0]
	at springfox.documentation.spring.web.scanners.ApiListingScanner.scan(ApiListingScanner.java:133) ~[springfox-spring-web-2.9.0.jar:2.9.0]
	at springfox.documentation.spring.web.scanners.ApiDocumentationScanner.scan(ApiDocumentationScanner.java:71) ~[springfox-spring-web-2.9.0.jar:2.9.0]
	at springfox.documentation.spring.web.plugins.DocumentationPluginsBootstrapper.scanDocumentation(DocumentationPluginsBootstrapper.java:101) ~[springfox-spring-web-2.9.0.jar:2.9.0]
	at springfox.documentation.spring.web.plugins.DocumentationPluginsBootstrapper.start(DocumentationPluginsBootstrapper.java:167) ~[springfox-spring-web-2.9.0.jar:2.9.0]
	at org.springframework.context.support.DefaultLifecycleProcessor.doStart(DefaultLifecycleProcessor.java:178) ~[spring-context-5.3.14.jar:5.3.14]
	... 80 common frames omitted
Caused by: com.google.common.util.concurrent.ExecutionError: java.lang.NoClassDefFoundError: javax/validation/constraints/Min
	at com.google.common.cache.LocalCache$Segment.get(LocalCache.java:2212) ~[guava-20.0.jar:na]
	at com.google.common.cache.LocalCache.get(LocalCache.java:4053) ~[guava-20.0.jar:na]
	at com.google.common.cache.LocalCache.getOrLoad(LocalCache.java:4057) ~[guava-20.0.jar:na]
	at com.google.common.cache.LocalCache$LocalLoadingCache.get(LocalCache.java:4986) ~[guava-20.0.jar:na]
	at springfox.documentation.schema.property.CachingModelPropertiesProvider.propertiesFor(CachingModelPropertiesProvider.java:64) ~[springfox-schema-2.9.0.jar:2.9.0]
	at springfox.documentation.schema.DefaultModelProvider.properties(DefaultModelProvider.java:166) ~[springfox-schema-2.9.0.jar:2.9.0]
	at springfox.documentation.schema.DefaultModelProvider.reflectionBasedModel(DefaultModelProvider.java:99) ~[springfox-schema-2.9.0.jar:2.9.0]
	at springfox.documentation.schema.DefaultModelProvider.modelFor(DefaultModelProvider.java:95) ~[springfox-schema-2.9.0.jar:2.9.0]
	at springfox.documentation.schema.CachingModelProvider$1.load(CachingModelProvider.java:51) ~[springfox-schema-2.9.0.jar:2.9.0]
	at springfox.documentation.schema.CachingModelProvider$1.load(CachingModelProvider.java:49) ~[springfox-schema-2.9.0.jar:2.9.0]
	at com.google.common.cache.LocalCache$LoadingValueReference.loadFuture(LocalCache.java:3628) ~[guava-20.0.jar:na]
	at com.google.common.cache.LocalCache$Segment.loadSync(LocalCache.java:2336) ~[guava-20.0.jar:na]
	at com.google.common.cache.LocalCache$Segment.lockedGetOrLoad(LocalCache.java:2295) ~[guava-20.0.jar:na]
	at com.google.common.cache.LocalCache$Segment.get(LocalCache.java:2208) ~[guava-20.0.jar:na]
	... 90 common frames omitted
Caused by: java.lang.NoClassDefFoundError: javax/validation/constraints/Min
	at springfox.bean.validators.plugins.schema.MinMaxAnnotationPlugin.extractMin(MinMaxAnnotationPlugin.java:57) ~[springfox-bean-validators-2.9.0.jar:2.9.0]
	at springfox.bean.validators.plugins.schema.MinMaxAnnotationPlugin.apply(MinMaxAnnotationPlugin.java:48) ~[springfox-bean-validators-2.9.0.jar:2.9.0]
	at springfox.documentation.schema.plugins.SchemaPluginsManager.property(SchemaPluginsManager.java:63) ~[springfox-schema-2.9.0.jar:2.9.0]
	at springfox.documentation.schema.property.OptimizedModelPropertiesProvider.beanModelProperty(OptimizedModelPropertiesProvider.java:326) ~[springfox-schema-2.9.0.jar:2.9.0]
	at springfox.documentation.schema.property.OptimizedModelPropertiesProvider.access$200(OptimizedModelPropertiesProvider.java:76) ~[springfox-schema-2.9.0.jar:2.9.0]
	at springfox.documentation.schema.property.OptimizedModelPropertiesProvider$2.apply(OptimizedModelPropertiesProvider.java:175) ~[springfox-schema-2.9.0.jar:2.9.0]
	at springfox.documentation.schema.property.OptimizedModelPropertiesProvider$2.apply(OptimizedModelPropertiesProvider.java:161) ~[springfox-schema-2.9.0.jar:2.9.0]
	at com.google.common.base.Present.transform(Present.java:75) ~[guava-20.0.jar:na]
	at springfox.documentation.schema.property.OptimizedModelPropertiesProvider.candidateProperties(OptimizedModelPropertiesProvider.java:217) ~[springfox-schema-2.9.0.jar:2.9.0]
	at springfox.documentation.schema.property.OptimizedModelPropertiesProvider.propertiesFor(OptimizedModelPropertiesProvider.java:132) ~[springfox-schema-2.9.0.jar:2.9.0]
	at springfox.documentation.schema.property.OptimizedModelPropertiesProvider.propertiesFor(OptimizedModelPropertiesProvider.java:118) ~[springfox-schema-2.9.0.jar:2.9.0]
	at springfox.documentation.schema.property.CachingModelPropertiesProvider$1.load(CachingModelPropertiesProvider.java:56) ~[springfox-schema-2.9.0.jar:2.9.0]
	at springfox.documentation.schema.property.CachingModelPropertiesProvider$1.load(CachingModelPropertiesProvider.java:54) ~[springfox-schema-2.9.0.jar:2.9.0]
	at com.google.common.cache.LocalCache$LoadingValueReference.loadFuture(LocalCache.java:3628) ~[guava-20.0.jar:na]
	at com.google.common.cache.LocalCache$Segment.loadSync(LocalCache.java:2336) ~[guava-20.0.jar:na]
	at com.google.common.cache.LocalCache$Segment.lockedGetOrLoad(LocalCache.java:2295) ~[guava-20.0.jar:na]
	at com.google.common.cache.LocalCache$Segment.get(LocalCache.java:2208) ~[guava-20.0.jar:na]
	... 103 common frames omitted
Caused by: java.lang.ClassNotFoundException: javax.validation.constraints.Min
	at java.net.URLClassLoader.findClass(URLClassLoader.java:382) ~[na:1.8.0_191]
	at java.lang.ClassLoader.loadClass(ClassLoader.java:424) ~[na:1.8.0_191]
	at sun.misc.Launcher$AppClassLoader.loadClass(Launcher.java:349) ~[na:1.8.0_191]
	at java.lang.ClassLoader.loadClass(ClassLoader.java:357) ~[na:1.8.0_191]
	... 120 common frames omitted

2022-09-01 22:28:02.739 ERROR 10208 --- [           main] o.s.test.context.TestContextManager      : Caught exception while allowing TestExecutionListener [org.springframework.test.context.web.ServletTestExecutionListener@6e9a5ed8] to prepare test instance [com.newgenerate.NewgenerateApplicationTests@498c535d]

java.lang.IllegalStateException: Failed to load ApplicationContext
	at org.springframework.test.context.cache.DefaultCacheAwareContextLoaderDelegate.loadContext(DefaultCacheAwareContextLoaderDelegate.java:132) ~[spring-test-5.3.14.jar:5.3.14]
	at org.springframework.test.context.support.DefaultTestContext.getApplicationContext(DefaultTestContext.java:124) ~[spring-test-5.3.14.jar:5.3.14]
	at org.springframework.test.context.web.ServletTestExecutionListener.setUpRequestContextIfNecessary(ServletTestExecutionListener.java:190) ~[spring-test-5.3.14.jar:5.3.14]
	at org.springframework.test.context.web.ServletTestExecutionListener.prepareTestInstance(ServletTestExecutionListener.java:132) ~[spring-test-5.3.14.jar:5.3.14]
	at org.springframework.test.context.TestContextManager.prepareTestInstance(TestContextManager.java:248) ~[spring-test-5.3.14.jar:5.3.14]
	at org.springframework.test.context.junit.jupiter.SpringExtension.postProcessTestInstance(SpringExtension.java:138) [spring-test-5.3.14.jar:5.3.14]
	at org.junit.jupiter.engine.descriptor.ClassBasedTestDescriptor.lambda$invokeTestInstancePostProcessors$8(ClassBasedTestDescriptor.java:363) [junit-jupiter-engine-5.8.2.jar:5.8.2]
	at org.junit.jupiter.engine.descriptor.ClassBasedTestDescriptor.executeAndMaskThrowable(ClassBasedTestDescriptor.java:368) [junit-jupiter-engine-5.8.2.jar:5.8.2]
	at org.junit.jupiter.engine.descriptor.ClassBasedTestDescriptor.lambda$invokeTestInstancePostProcessors$9(ClassBasedTestDescriptor.java:363) [junit-jupiter-engine-5.8.2.jar:5.8.2]
	at java.util.stream.ReferencePipeline$3$1.accept(ReferencePipeline.java:193) ~[na:1.8.0_191]
	at java.util.stream.ReferencePipeline$2$1.accept(ReferencePipeline.java:175) ~[na:1.8.0_191]
	at java.util.ArrayList$ArrayListSpliterator.forEachRemaining(ArrayList.java:1382) ~[na:1.8.0_191]
	at java.util.stream.AbstractPipeline.copyInto(AbstractPipeline.java:481) ~[na:1.8.0_191]
	at java.util.stream.AbstractPipeline.wrapAndCopyInto(AbstractPipeline.java:471) ~[na:1.8.0_191]
	at java.util.stream.StreamSpliterators$WrappingSpliterator.forEachRemaining(StreamSpliterators.java:312) ~[na:1.8.0_191]
	at java.util.stream.Streams$ConcatSpliterator.forEachRemaining(Streams.java:743) ~[na:1.8.0_191]
	at java.util.stream.Streams$ConcatSpliterator.forEachRemaining(Streams.java:742) ~[na:1.8.0_191]
	at java.util.stream.ReferencePipeline$Head.forEach(ReferencePipeline.java:580) ~[na:1.8.0_191]
	at org.junit.jupiter.engine.descriptor.ClassBasedTestDescriptor.invokeTestInstancePostProcessors(ClassBasedTestDescriptor.java:362) [junit-jupiter-engine-5.8.2.jar:5.8.2]
	at org.junit.jupiter.engine.descriptor.ClassBasedTestDescriptor.lambda$instantiateAndPostProcessTestInstance$6(ClassBasedTestDescriptor.java:283) [junit-jupiter-engine-5.8.2.jar:5.8.2]
	at org.junit.platform.engine.support.hierarchical.ThrowableCollector.execute(ThrowableCollector.java:73) ~[junit-platform-engine-1.8.2.jar:1.8.2]
	at org.junit.jupiter.engine.descriptor.ClassBasedTestDescriptor.instantiateAndPostProcessTestInstance(ClassBasedTestDescriptor.java:282) [junit-jupiter-engine-5.8.2.jar:5.8.2]
	at org.junit.jupiter.engine.descriptor.ClassBasedTestDescriptor.lambda$testInstancesProvider$4(ClassBasedTestDescriptor.java:272) [junit-jupiter-engine-5.8.2.jar:5.8.2]
	at java.util.Optional.orElseGet(Optional.java:267) ~[na:1.8.0_191]
	at org.junit.jupiter.engine.descriptor.ClassBasedTestDescriptor.lambda$testInstancesProvider$5(ClassBasedTestDescriptor.java:271) [junit-jupiter-engine-5.8.2.jar:5.8.2]
	at org.junit.jupiter.engine.execution.TestInstancesProvider.getTestInstances(TestInstancesProvider.java:31) ~[junit-jupiter-engine-5.8.2.jar:5.8.2]
	at org.junit.jupiter.engine.descriptor.TestMethodTestDescriptor.lambda$prepare$0(TestMethodTestDescriptor.java:102) ~[junit-jupiter-engine-5.8.2.jar:5.8.2]
	at org.junit.platform.engine.support.hierarchical.ThrowableCollector.execute(ThrowableCollector.java:73) ~[junit-platform-engine-1.8.2.jar:1.8.2]
	at org.junit.jupiter.engine.descriptor.TestMethodTestDescriptor.prepare(TestMethodTestDescriptor.java:101) ~[junit-jupiter-engine-5.8.2.jar:5.8.2]
	at org.junit.jupiter.engine.descriptor.TestMethodTestDescriptor.prepare(TestMethodTestDescriptor.java:66) ~[junit-jupiter-engine-5.8.2.jar:5.8.2]
	at org.junit.platform.engine.support.hierarchical.NodeTestTask.lambda$prepare$2(NodeTestTask.java:123) ~[junit-platform-engine-1.8.2.jar:1.8.2]
	at org.junit.platform.engine.support.hierarchical.ThrowableCollector.execute(ThrowableCollector.java:73) ~[junit-platform-engine-1.8.2.jar:1.8.2]
	at org.junit.platform.engine.support.hierarchical.NodeTestTask.prepare(NodeTestTask.java:123) ~[junit-platform-engine-1.8.2.jar:1.8.2]
	at org.junit.platform.engine.support.hierarchical.NodeTestTask.execute(NodeTestTask.java:90) ~[junit-platform-engine-1.8.2.jar:1.8.2]
	at java.util.ArrayList.forEach(ArrayList.java:1257) ~[na:1.8.0_191]
	at org.junit.platform.engine.support.hierarchical.SameThreadHierarchicalTestExecutorService.invokeAll(SameThreadHierarchicalTestExecutorService.java:41) ~[junit-platform-engine-1.8.2.jar:1.8.2]
	at org.junit.platform.engine.support.hierarchical.NodeTestTask.lambda$executeRecursively$6(NodeTestTask.java:155) ~[junit-platform-engine-1.8.2.jar:1.8.2]
	at org.junit.platform.engine.support.hierarchical.ThrowableCollector.execute(ThrowableCollector.java:73) ~[junit-platform-engine-1.8.2.jar:1.8.2]
	at org.junit.platform.engine.support.hierarchical.NodeTestTask.lambda$executeRecursively$8(NodeTestTask.java:141) ~[junit-platform-engine-1.8.2.jar:1.8.2]
	at org.junit.platform.engine.support.hierarchical.Node.around(Node.java:137) ~[junit-platform-engine-1.8.2.jar:1.8.2]
	at org.junit.platform.engine.support.hierarchical.NodeTestTask.lambda$executeRecursively$9(NodeTestTask.java:139) ~[junit-platform-engine-1.8.2.jar:1.8.2]
	at org.junit.platform.engine.support.hierarchical.ThrowableCollector.execute(ThrowableCollector.java:73) ~[junit-platform-engine-1.8.2.jar:1.8.2]
	at org.junit.platform.engine.support.hierarchical.NodeTestTask.executeRecursively(NodeTestTask.java:138) ~[junit-platform-engine-1.8.2.jar:1.8.2]
	at org.junit.platform.engine.support.hierarchical.NodeTestTask.execute(NodeTestTask.java:95) ~[junit-platform-engine-1.8.2.jar:1.8.2]
	at java.util.ArrayList.forEach(ArrayList.java:1257) ~[na:1.8.0_191]
	at org.junit.platform.engine.support.hierarchical.SameThreadHierarchicalTestExecutorService.invokeAll(SameThreadHierarchicalTestExecutorService.java:41) ~[junit-platform-engine-1.8.2.jar:1.8.2]
	at org.junit.platform.engine.support.hierarchical.NodeTestTask.lambda$executeRecursively$6(NodeTestTask.java:155) ~[junit-platform-engine-1.8.2.jar:1.8.2]
	at org.junit.platform.engine.support.hierarchical.ThrowableCollector.execute(ThrowableCollector.java:73) ~[junit-platform-engine-1.8.2.jar:1.8.2]
	at org.junit.platform.engine.support.hierarchical.NodeTestTask.lambda$executeRecursively$8(NodeTestTask.java:141) ~[junit-platform-engine-1.8.2.jar:1.8.2]
	at org.junit.platform.engine.support.hierarchical.Node.around(Node.java:137) ~[junit-platform-engine-1.8.2.jar:1.8.2]
	at org.junit.platform.engine.support.hierarchical.NodeTestTask.lambda$executeRecursively$9(NodeTestTask.java:139) ~[junit-platform-engine-1.8.2.jar:1.8.2]
	at org.junit.platform.engine.support.hierarchical.ThrowableCollector.execute(ThrowableCollector.java:73) ~[junit-platform-engine-1.8.2.jar:1.8.2]
	at org.junit.platform.engine.support.hierarchical.NodeTestTask.executeRecursively(NodeTestTask.java:138) ~[junit-platform-engine-1.8.2.jar:1.8.2]
	at org.junit.platform.engine.support.hierarchical.NodeTestTask.execute(NodeTestTask.java:95) ~[junit-platform-engine-1.8.2.jar:1.8.2]
	at org.junit.platform.engine.support.hierarchical.SameThreadHierarchicalTestExecutorService.submit(SameThreadHierarchicalTestExecutorService.java:35) ~[junit-platform-engine-1.8.2.jar:1.8.2]
	at org.junit.platform.engine.support.hierarchical.HierarchicalTestExecutor.execute(HierarchicalTestExecutor.java:57) ~[junit-platform-engine-1.8.2.jar:1.8.2]
	at org.junit.platform.engine.support.hierarchical.HierarchicalTestEngine.execute(HierarchicalTestEngine.java:54) ~[junit-platform-engine-1.8.2.jar:1.8.2]
	at org.junit.platform.launcher.core.DefaultLauncher.execute(DefaultLauncher.java:220) ~[junit-platform-launcher-1.3.1.jar:1.3.1]
	at org.junit.platform.launcher.core.DefaultLauncher.lambda$execute$6(DefaultLauncher.java:188) ~[junit-platform-launcher-1.3.1.jar:1.3.1]
	at org.junit.platform.launcher.core.DefaultLauncher.withInterceptedStreams(DefaultLauncher.java:202) ~[junit-platform-launcher-1.3.1.jar:1.3.1]
	at org.junit.platform.launcher.core.DefaultLauncher.execute(DefaultLauncher.java:181) ~[junit-platform-launcher-1.3.1.jar:1.3.1]
	at org.junit.platform.launcher.core.DefaultLauncher.execute(DefaultLauncher.java:128) ~[junit-platform-launcher-1.3.1.jar:1.3.1]
	at org.apache.maven.surefire.junitplatform.JUnitPlatformProvider.invokeAllTests(JUnitPlatformProvider.java:150) ~[surefire-junit-platform-2.22.2.jar:2.22.2]
	at org.apache.maven.surefire.junitplatform.JUnitPlatformProvider.invoke(JUnitPlatformProvider.java:124) ~[surefire-junit-platform-2.22.2.jar:2.22.2]
	at org.apache.maven.surefire.booter.ForkedBooter.invokeProviderInSameClassLoader(ForkedBooter.java:384) ~[surefire-booter-2.22.2.jar:2.22.2]
	at org.apache.maven.surefire.booter.ForkedBooter.runSuitesInProcess(ForkedBooter.java:345) ~[surefire-booter-2.22.2.jar:2.22.2]
	at org.apache.maven.surefire.booter.ForkedBooter.execute(ForkedBooter.java:126) ~[surefire-booter-2.22.2.jar:2.22.2]
	at org.apache.maven.surefire.booter.ForkedBooter.main(ForkedBooter.java:418) ~[surefire-booter-2.22.2.jar:2.22.2]
Caused by: org.springframework.context.ApplicationContextException: Failed to start bean 'documentationPluginsBootstrapper'; nested exception is com.google.common.util.concurrent.ExecutionError: com.google.common.util.concurrent.ExecutionError: java.lang.NoClassDefFoundError: javax/validation/constraints/Min
	at org.springframework.context.support.DefaultLifecycleProcessor.doStart(DefaultLifecycleProcessor.java:181) ~[spring-context-5.3.14.jar:5.3.14]
	at org.springframework.context.support.DefaultLifecycleProcessor.access$200(DefaultLifecycleProcessor.java:54) ~[spring-context-5.3.14.jar:5.3.14]
	at org.springframework.context.support.DefaultLifecycleProcessor$LifecycleGroup.start(DefaultLifecycleProcessor.java:356) ~[spring-context-5.3.14.jar:5.3.14]
	at java.lang.Iterable.forEach(Iterable.java:75) ~[na:1.8.0_191]
	at org.springframework.context.support.DefaultLifecycleProcessor.startBeans(DefaultLifecycleProcessor.java:155) ~[spring-context-5.3.14.jar:5.3.14]
	at org.springframework.context.support.DefaultLifecycleProcessor.onRefresh(DefaultLifecycleProcessor.java:123) ~[spring-context-5.3.14.jar:5.3.14]
	at org.springframework.context.support.AbstractApplicationContext.finishRefresh(AbstractApplicationContext.java:935) ~[spring-context-5.3.14.jar:5.3.14]
	at org.springframework.context.support.AbstractApplicationContext.refresh(AbstractApplicationContext.java:586) ~[spring-context-5.3.14.jar:5.3.14]
	at org.springframework.boot.SpringApplication.refresh(SpringApplication.java:730) ~[spring-boot-2.6.2.jar:2.6.2]
	at org.springframework.boot.SpringApplication.refreshContext(SpringApplication.java:412) ~[spring-boot-2.6.2.jar:2.6.2]
	at org.springframework.boot.SpringApplication.run(SpringApplication.java:302) ~[spring-boot-2.6.2.jar:2.6.2]
	at org.springframework.boot.test.context.SpringBootContextLoader.loadContext(SpringBootContextLoader.java:121) ~[spring-boot-test-2.6.2.jar:2.6.2]
	at org.springframework.test.context.cache.DefaultCacheAwareContextLoaderDelegate.loadContextInternal(DefaultCacheAwareContextLoaderDelegate.java:99) ~[spring-test-5.3.14.jar:5.3.14]
	at org.springframework.test.context.cache.DefaultCacheAwareContextLoaderDelegate.loadContext(DefaultCacheAwareContextLoaderDelegate.java:124) ~[spring-test-5.3.14.jar:5.3.14]
	... 67 common frames omitted
Caused by: com.google.common.util.concurrent.ExecutionError: com.google.common.util.concurrent.ExecutionError: java.lang.NoClassDefFoundError: javax/validation/constraints/Min
	at com.google.common.cache.LocalCache$Segment.get(LocalCache.java:2212) ~[guava-20.0.jar:na]
	at com.google.common.cache.LocalCache.get(LocalCache.java:4053) ~[guava-20.0.jar:na]
	at com.google.common.cache.LocalCache.getOrLoad(LocalCache.java:4057) ~[guava-20.0.jar:na]
	at com.google.common.cache.LocalCache$LocalLoadingCache.get(LocalCache.java:4986) ~[guava-20.0.jar:na]
	at springfox.documentation.schema.CachingModelProvider.modelFor(CachingModelProvider.java:59) ~[springfox-schema-2.9.0.jar:2.9.0]
	at springfox.documentation.spring.web.scanners.ApiModelReader.read(ApiModelReader.java:69) ~[springfox-spring-web-2.9.0.jar:2.9.0]
	at springfox.documentation.spring.web.scanners.ApiListingScanner.scan(ApiListingScanner.java:133) ~[springfox-spring-web-2.9.0.jar:2.9.0]
	at springfox.documentation.spring.web.scanners.ApiDocumentationScanner.scan(ApiDocumentationScanner.java:71) ~[springfox-spring-web-2.9.0.jar:2.9.0]
	at springfox.documentation.spring.web.plugins.DocumentationPluginsBootstrapper.scanDocumentation(DocumentationPluginsBootstrapper.java:101) ~[springfox-spring-web-2.9.0.jar:2.9.0]
	at springfox.documentation.spring.web.plugins.DocumentationPluginsBootstrapper.start(DocumentationPluginsBootstrapper.java:167) ~[springfox-spring-web-2.9.0.jar:2.9.0]
	at org.springframework.context.support.DefaultLifecycleProcessor.doStart(DefaultLifecycleProcessor.java:178) ~[spring-context-5.3.14.jar:5.3.14]
	... 80 common frames omitted
Caused by: com.google.common.util.concurrent.ExecutionError: java.lang.NoClassDefFoundError: javax/validation/constraints/Min
	at com.google.common.cache.LocalCache$Segment.get(LocalCache.java:2212) ~[guava-20.0.jar:na]
	at com.google.common.cache.LocalCache.get(LocalCache.java:4053) ~[guava-20.0.jar:na]
	at com.google.common.cache.LocalCache.getOrLoad(LocalCache.java:4057) ~[guava-20.0.jar:na]
	at com.google.common.cache.LocalCache$LocalLoadingCache.get(LocalCache.java:4986) ~[guava-20.0.jar:na]
	at springfox.documentation.schema.property.CachingModelPropertiesProvider.propertiesFor(CachingModelPropertiesProvider.java:64) ~[springfox-schema-2.9.0.jar:2.9.0]
	at springfox.documentation.schema.DefaultModelProvider.properties(DefaultModelProvider.java:166) ~[springfox-schema-2.9.0.jar:2.9.0]
	at springfox.documentation.schema.DefaultModelProvider.reflectionBasedModel(DefaultModelProvider.java:99) ~[springfox-schema-2.9.0.jar:2.9.0]
	at springfox.documentation.schema.DefaultModelProvider.modelFor(DefaultModelProvider.java:95) ~[springfox-schema-2.9.0.jar:2.9.0]
	at springfox.documentation.schema.CachingModelProvider$1.load(CachingModelProvider.java:51) ~[springfox-schema-2.9.0.jar:2.9.0]
	at springfox.documentation.schema.CachingModelProvider$1.load(CachingModelProvider.java:49) ~[springfox-schema-2.9.0.jar:2.9.0]
	at com.google.common.cache.LocalCache$LoadingValueReference.loadFuture(LocalCache.java:3628) ~[guava-20.0.jar:na]
	at com.google.common.cache.LocalCache$Segment.loadSync(LocalCache.java:2336) ~[guava-20.0.jar:na]
	at com.google.common.cache.LocalCache$Segment.lockedGetOrLoad(LocalCache.java:2295) ~[guava-20.0.jar:na]
	at com.google.common.cache.LocalCache$Segment.get(LocalCache.java:2208) ~[guava-20.0.jar:na]
	... 90 common frames omitted
Caused by: java.lang.NoClassDefFoundError: javax/validation/constraints/Min
	at springfox.bean.validators.plugins.schema.MinMaxAnnotationPlugin.extractMin(MinMaxAnnotationPlugin.java:57) ~[springfox-bean-validators-2.9.0.jar:2.9.0]
	at springfox.bean.validators.plugins.schema.MinMaxAnnotationPlugin.apply(MinMaxAnnotationPlugin.java:48) ~[springfox-bean-validators-2.9.0.jar:2.9.0]
	at springfox.documentation.schema.plugins.SchemaPluginsManager.property(SchemaPluginsManager.java:63) ~[springfox-schema-2.9.0.jar:2.9.0]
	at springfox.documentation.schema.property.OptimizedModelPropertiesProvider.beanModelProperty(OptimizedModelPropertiesProvider.java:326) ~[springfox-schema-2.9.0.jar:2.9.0]
	at springfox.documentation.schema.property.OptimizedModelPropertiesProvider.access$200(OptimizedModelPropertiesProvider.java:76) ~[springfox-schema-2.9.0.jar:2.9.0]
	at springfox.documentation.schema.property.OptimizedModelPropertiesProvider$2.apply(OptimizedModelPropertiesProvider.java:175) ~[springfox-schema-2.9.0.jar:2.9.0]
	at springfox.documentation.schema.property.OptimizedModelPropertiesProvider$2.apply(OptimizedModelPropertiesProvider.java:161) ~[springfox-schema-2.9.0.jar:2.9.0]
	at com.google.common.base.Present.transform(Present.java:75) ~[guava-20.0.jar:na]
	at springfox.documentation.schema.property.OptimizedModelPropertiesProvider.candidateProperties(OptimizedModelPropertiesProvider.java:217) ~[springfox-schema-2.9.0.jar:2.9.0]
	at springfox.documentation.schema.property.OptimizedModelPropertiesProvider.propertiesFor(OptimizedModelPropertiesProvider.java:132) ~[springfox-schema-2.9.0.jar:2.9.0]
	at springfox.documentation.schema.property.OptimizedModelPropertiesProvider.propertiesFor(OptimizedModelPropertiesProvider.java:118) ~[springfox-schema-2.9.0.jar:2.9.0]
	at springfox.documentation.schema.property.CachingModelPropertiesProvider$1.load(CachingModelPropertiesProvider.java:56) ~[springfox-schema-2.9.0.jar:2.9.0]
	at springfox.documentation.schema.property.CachingModelPropertiesProvider$1.load(CachingModelPropertiesProvider.java:54) ~[springfox-schema-2.9.0.jar:2.9.0]
	at com.google.common.cache.LocalCache$LoadingValueReference.loadFuture(LocalCache.java:3628) ~[guava-20.0.jar:na]
	at com.google.common.cache.LocalCache$Segment.loadSync(LocalCache.java:2336) ~[guava-20.0.jar:na]
	at com.google.common.cache.LocalCache$Segment.lockedGetOrLoad(LocalCache.java:2295) ~[guava-20.0.jar:na]
	at com.google.common.cache.LocalCache$Segment.get(LocalCache.java:2208) ~[guava-20.0.jar:na]
	... 103 common frames omitted
Caused by: java.lang.ClassNotFoundException: javax.validation.constraints.Min
	at java.net.URLClassLoader.findClass(URLClassLoader.java:382) ~[na:1.8.0_191]
	at java.lang.ClassLoader.loadClass(ClassLoader.java:424) ~[na:1.8.0_191]
	at sun.misc.Launcher$AppClassLoader.loadClass(Launcher.java:349) ~[na:1.8.0_191]
	at java.lang.ClassLoader.loadClass(ClassLoader.java:357) ~[na:1.8.0_191]
	... 120 common frames omitted

]]></system-out>
  </testcase>
</testsuite>